MSP430 Assembler Unix v21.6.1 Mon Jul 29 12:35:17 2024

Copyright (c) 2003-2018 Texas Instruments Incorporated
sensorApp.asm                                                        PAGE    1

       1            ;******************************************************************************
       2            ;* MSP430 G3 C/C++ Codegen                                          Unix v21.6.1.LTS *
       3            ;* Date/Time created: Mon Jul 29 12:35:17 2024                                *
       4            ;******************************************************************************
       5                    .compiler_opts --abi=eabi --diag_wrap=off --hll_source=on --mem_model:code=small --mem_model:d
       6            
       7            $C$DW$CU        .dwtag  DW_TAG_compile_unit
       8                    .dwattr $C$DW$CU, DW_AT_name("../sensorApp.c")
       9                    .dwattr $C$DW$CU, DW_AT_producer("TI MSP430 G3 C/C++ Codegen Unix v21.6.1.LTS Copyright (c) 20
      10                    .dwattr $C$DW$CU, DW_AT_TI_version(0x01)
      11                    .dwattr $C$DW$CU, DW_AT_comp_dir("/Users/afother1/Documents/New Files/TICCS120701Workspace0/MS
      12            ;       Interrupt vector table mappings
      13 000000               .intvec ".int09",       Timer_A
         000000       
      14            $C$DW$1 .dwtag  DW_TAG_variable
      15                    .dwattr $C$DW$1, DW_AT_name("P1OUT")
      16                    .dwattr $C$DW$1, DW_AT_TI_symbol_name("P1OUT")
      17                    .dwattr $C$DW$1, DW_AT_type(*$C$DW$T$20)
      18                    .dwattr $C$DW$1, DW_AT_declaration
      19                    .dwattr $C$DW$1, DW_AT_external
      20                    .dwattr $C$DW$1, DW_AT_decl_file("/Users/afother1/ti/ccs1271/ccs/ccs_base/msp430/include/msp43
      21                    .dwattr $C$DW$1, DW_AT_decl_line(0x1cf)
      22                    .dwattr $C$DW$1, DW_AT_decl_column(0x01)
      23            
      24            $C$DW$2 .dwtag  DW_TAG_variable
      25                    .dwattr $C$DW$2, DW_AT_name("P1DIR")
      26                    .dwattr $C$DW$2, DW_AT_TI_symbol_name("P1DIR")
      27                    .dwattr $C$DW$2, DW_AT_type(*$C$DW$T$20)
      28                    .dwattr $C$DW$2, DW_AT_declaration
      29                    .dwattr $C$DW$2, DW_AT_external
      30                    .dwattr $C$DW$2, DW_AT_decl_file("/Users/afother1/ti/ccs1271/ccs/ccs_base/msp430/include/msp43
      31                    .dwattr $C$DW$2, DW_AT_decl_line(0x1d0)
      32                    .dwattr $C$DW$2, DW_AT_decl_column(0x01)
      33            
      34            $C$DW$3 .dwtag  DW_TAG_variable
      35                    .dwattr $C$DW$3, DW_AT_name("P1SEL")
      36                    .dwattr $C$DW$3, DW_AT_TI_symbol_name("P1SEL")
      37                    .dwattr $C$DW$3, DW_AT_type(*$C$DW$T$20)
      38                    .dwattr $C$DW$3, DW_AT_declaration
      39                    .dwattr $C$DW$3, DW_AT_external
      40                    .dwattr $C$DW$3, DW_AT_decl_file("/Users/afother1/ti/ccs1271/ccs/ccs_base/msp430/include/msp43
      41                    .dwattr $C$DW$3, DW_AT_decl_line(0x1d4)
      42                    .dwattr $C$DW$3, DW_AT_decl_column(0x01)
      43            
      44            $C$DW$4 .dwtag  DW_TAG_variable
      45                    .dwattr $C$DW$4, DW_AT_name("P1SEL2")
      46                    .dwattr $C$DW$4, DW_AT_TI_symbol_name("P1SEL2")
      47                    .dwattr $C$DW$4, DW_AT_type(*$C$DW$T$20)
      48                    .dwattr $C$DW$4, DW_AT_declaration
      49                    .dwattr $C$DW$4, DW_AT_external
      50                    .dwattr $C$DW$4, DW_AT_decl_file("/Users/afother1/ti/ccs1271/ccs/ccs_base/msp430/include/msp43
      51                    .dwattr $C$DW$4, DW_AT_decl_line(0x1d5)
      52                    .dwattr $C$DW$4, DW_AT_decl_column(0x01)
      53            
      54            $C$DW$5 .dwtag  DW_TAG_variable
MSP430 Assembler Unix v21.6.1 Mon Jul 29 12:35:17 2024

Copyright (c) 2003-2018 Texas Instruments Incorporated
sensorApp.asm                                                        PAGE    2

      55                    .dwattr $C$DW$5, DW_AT_name("TA0CTL")
      56                    .dwattr $C$DW$5, DW_AT_TI_symbol_name("TA0CTL")
      57                    .dwattr $C$DW$5, DW_AT_type(*$C$DW$T$21)
      58                    .dwattr $C$DW$5, DW_AT_declaration
      59                    .dwattr $C$DW$5, DW_AT_external
      60                    .dwattr $C$DW$5, DW_AT_decl_file("/Users/afother1/ti/ccs1271/ccs/ccs_base/msp430/include/msp43
      61                    .dwattr $C$DW$5, DW_AT_decl_line(0x1f7)
      62                    .dwattr $C$DW$5, DW_AT_decl_column(0x01)
      63            
      64            $C$DW$6 .dwtag  DW_TAG_variable
      65                    .dwattr $C$DW$6, DW_AT_name("TA0CCTL0")
      66                    .dwattr $C$DW$6, DW_AT_TI_symbol_name("TA0CCTL0")
      67                    .dwattr $C$DW$6, DW_AT_type(*$C$DW$T$21)
      68                    .dwattr $C$DW$6, DW_AT_declaration
      69                    .dwattr $C$DW$6, DW_AT_external
      70                    .dwattr $C$DW$6, DW_AT_decl_file("/Users/afother1/ti/ccs1271/ccs/ccs_base/msp430/include/msp43
      71                    .dwattr $C$DW$6, DW_AT_decl_line(0x1f8)
      72                    .dwattr $C$DW$6, DW_AT_decl_column(0x01)
      73            
      74            $C$DW$7 .dwtag  DW_TAG_variable
      75                    .dwattr $C$DW$7, DW_AT_name("TA0CCR0")
      76                    .dwattr $C$DW$7, DW_AT_TI_symbol_name("TA0CCR0")
      77                    .dwattr $C$DW$7, DW_AT_type(*$C$DW$T$21)
      78                    .dwattr $C$DW$7, DW_AT_declaration
      79                    .dwattr $C$DW$7, DW_AT_external
      80                    .dwattr $C$DW$7, DW_AT_decl_file("/Users/afother1/ti/ccs1271/ccs/ccs_base/msp430/include/msp43
      81                    .dwattr $C$DW$7, DW_AT_decl_line(0x1fc)
      82                    .dwattr $C$DW$7, DW_AT_decl_column(0x01)
      83            
      84            $C$DW$8 .dwtag  DW_TAG_variable
      85                    .dwattr $C$DW$8, DW_AT_name("UCA0CTL1")
      86                    .dwattr $C$DW$8, DW_AT_TI_symbol_name("UCA0CTL1")
      87                    .dwattr $C$DW$8, DW_AT_type(*$C$DW$T$20)
      88                    .dwattr $C$DW$8, DW_AT_declaration
      89                    .dwattr $C$DW$8, DW_AT_external
      90                    .dwattr $C$DW$8, DW_AT_decl_file("/Users/afother1/ti/ccs1271/ccs/ccs_base/msp430/include/msp43
      91                    .dwattr $C$DW$8, DW_AT_decl_line(0x281)
      92                    .dwattr $C$DW$8, DW_AT_decl_column(0x01)
      93            
      94            $C$DW$9 .dwtag  DW_TAG_variable
      95                    .dwattr $C$DW$9, DW_AT_name("UCA0BR0")
      96                    .dwattr $C$DW$9, DW_AT_TI_symbol_name("UCA0BR0")
      97                    .dwattr $C$DW$9, DW_AT_type(*$C$DW$T$20)
      98                    .dwattr $C$DW$9, DW_AT_declaration
      99                    .dwattr $C$DW$9, DW_AT_external
     100                    .dwattr $C$DW$9, DW_AT_decl_file("/Users/afother1/ti/ccs1271/ccs/ccs_base/msp430/include/msp43
     101                    .dwattr $C$DW$9, DW_AT_decl_line(0x282)
     102                    .dwattr $C$DW$9, DW_AT_decl_column(0x01)
     103            
     104            $C$DW$10        .dwtag  DW_TAG_variable
     105                    .dwattr $C$DW$10, DW_AT_name("UCA0BR1")
     106                    .dwattr $C$DW$10, DW_AT_TI_symbol_name("UCA0BR1")
     107                    .dwattr $C$DW$10, DW_AT_type(*$C$DW$T$20)
     108                    .dwattr $C$DW$10, DW_AT_declaration
     109                    .dwattr $C$DW$10, DW_AT_external
MSP430 Assembler Unix v21.6.1 Mon Jul 29 12:35:17 2024

Copyright (c) 2003-2018 Texas Instruments Incorporated
sensorApp.asm                                                        PAGE    3

     110                    .dwattr $C$DW$10, DW_AT_decl_file("/Users/afother1/ti/ccs1271/ccs/ccs_base/msp430/include/msp4
     111                    .dwattr $C$DW$10, DW_AT_decl_line(0x283)
     112                    .dwattr $C$DW$10, DW_AT_decl_column(0x01)
     113            
     114            $C$DW$11        .dwtag  DW_TAG_variable
     115                    .dwattr $C$DW$11, DW_AT_name("UCA0MCTL")
     116                    .dwattr $C$DW$11, DW_AT_TI_symbol_name("UCA0MCTL")
     117                    .dwattr $C$DW$11, DW_AT_type(*$C$DW$T$20)
     118                    .dwattr $C$DW$11, DW_AT_declaration
     119                    .dwattr $C$DW$11, DW_AT_external
     120                    .dwattr $C$DW$11, DW_AT_decl_file("/Users/afother1/ti/ccs1271/ccs/ccs_base/msp430/include/msp4
     121                    .dwattr $C$DW$11, DW_AT_decl_line(0x284)
     122                    .dwattr $C$DW$11, DW_AT_decl_column(0x01)
     123            
     124            $C$DW$12        .dwtag  DW_TAG_variable
     125                    .dwattr $C$DW$12, DW_AT_name("UCA0TXBUF")
     126                    .dwattr $C$DW$12, DW_AT_TI_symbol_name("UCA0TXBUF")
     127                    .dwattr $C$DW$12, DW_AT_type(*$C$DW$T$20)
     128                    .dwattr $C$DW$12, DW_AT_declaration
     129                    .dwattr $C$DW$12, DW_AT_external
     130                    .dwattr $C$DW$12, DW_AT_decl_file("/Users/afother1/ti/ccs1271/ccs/ccs_base/msp430/include/msp4
     131                    .dwattr $C$DW$12, DW_AT_decl_line(0x287)
     132                    .dwattr $C$DW$12, DW_AT_decl_column(0x01)
     133            
     134            $C$DW$13        .dwtag  DW_TAG_variable
     135                    .dwattr $C$DW$13, DW_AT_name("WDTCTL")
     136                    .dwattr $C$DW$13, DW_AT_TI_symbol_name("WDTCTL")
     137                    .dwattr $C$DW$13, DW_AT_type(*$C$DW$T$21)
     138                    .dwattr $C$DW$13, DW_AT_declaration
     139                    .dwattr $C$DW$13, DW_AT_external
     140                    .dwattr $C$DW$13, DW_AT_decl_file("/Users/afother1/ti/ccs1271/ccs/ccs_base/msp430/include/msp4
     141                    .dwattr $C$DW$13, DW_AT_decl_line(0x343)
     142                    .dwattr $C$DW$13, DW_AT_decl_column(0x01)
     143            
     144            
     145            $C$DW$14        .dwtag  DW_TAG_subprogram
     146                    .dwattr $C$DW$14, DW_AT_name("__bis_SR_register")
     147                    .dwattr $C$DW$14, DW_AT_TI_symbol_name("__bis_SR_register")
     148                    .dwattr $C$DW$14, DW_AT_type(*$C$DW$T$11)
     149                    .dwattr $C$DW$14, DW_AT_declaration
     150                    .dwattr $C$DW$14, DW_AT_external
     151            $C$DW$15        .dwtag  DW_TAG_formal_parameter
     152                    .dwattr $C$DW$15, DW_AT_type(*$C$DW$T$9)
     153            
     154                    .dwendtag $C$DW$14
     155            
     156            ;       /Users/afother1/ti/ccs1271/ccs/tools/compiler/ti-cgt-msp430_21.6.1.LTS/bin/opt430 /var/tmp/TIc
     157 000000               .sect   ".text:main"
     158                    .clink
     159                    .global main
     160            
     161            $C$DW$16        .dwtag  DW_TAG_subprogram
     162                    .dwattr $C$DW$16, DW_AT_name("main")
     163                    .dwattr $C$DW$16, DW_AT_low_pc(main)
     164                    .dwattr $C$DW$16, DW_AT_high_pc(0x00)
MSP430 Assembler Unix v21.6.1 Mon Jul 29 12:35:17 2024

Copyright (c) 2003-2018 Texas Instruments Incorporated
sensorApp.asm                                                        PAGE    4

     165                    .dwattr $C$DW$16, DW_AT_TI_symbol_name("main")
     166                    .dwattr $C$DW$16, DW_AT_external
     167                    .dwattr $C$DW$16, DW_AT_TI_begin_file("../sensorApp.c")
     168                    .dwattr $C$DW$16, DW_AT_TI_begin_line(0x2c)
     169                    .dwattr $C$DW$16, DW_AT_TI_begin_column(0x06)
     170                    .dwattr $C$DW$16, DW_AT_decl_file("../sensorApp.c")
     171                    .dwattr $C$DW$16, DW_AT_decl_line(0x2c)
     172                    .dwattr $C$DW$16, DW_AT_decl_column(0x06)
     173                    .dwattr $C$DW$16, DW_AT_TI_max_frame_size(0x02)
     174                    .dwpsn  file "../sensorApp.c",line 45,column 1,is_stmt,address main,isa 0
     175            
     176                    .dwfde $C$DW$CIE, main
     177            
     178            ;*****************************************************************************
     179            ;* FUNCTION NAME: main                                                       *
     180            ;*                                                                           *
     181            ;*   Regs Modified     : SP,SR                                               *
     182            ;*   Regs Used         : SP,SR                                               *
     183            ;*   Local Frame Size  : 0 Args + 0 Auto + 0 Save = 0 byte                   *
     184            ;*****************************************************************************
     185 000000       main:
     186            ;* --------------------------------------------------------------------------*
     187                    .dwcfi  cfa_offset, 2
     188                    .dwcfi  save_reg_to_mem, 16, -2
     189                    .dwpsn  file "../sensorApp.c",line 46,column 2,is_stmt,isa 0
     190 000000 40B2          MOV.W     #23168,&WDTCTL+0      ; [] |46| 
         000002 5A80 
         000004 0000!
     191                    .dwpsn  file "../sensorApp.c",line 48,column 2,is_stmt,isa 0
     192 000006 D3D2          OR.B      #1,&P1DIR+0           ; [] |48| 
         000008 0000!
     193                    .dwpsn  file "../sensorApp.c",line 50,column 2,is_stmt,isa 0
     194 00000a 40B2          MOV.W     #16,&TA0CCTL0+0       ; [] |50| 
         00000c 0010 
         00000e 0000!
     195                    .dwpsn  file "../sensorApp.c",line 51,column 2,is_stmt,isa 0
     196 000010 40B2          MOV.W     #50000,&TA0CCR0+0     ; [] |51| 
         000012 C350 
         000014 0000!
     197                    .dwpsn  file "../sensorApp.c",line 63,column 2,is_stmt,isa 0
     198 000016 40B2          MOV.W     #672,&TA0CTL+0        ; [] |63| 
         000018 02A0 
         00001a 0000!
     199                    .dwpsn  file "../sensorApp.c",line 65,column 2,is_stmt,isa 0
     200 00001c 40F2          MOV.B     #6,&P1SEL+0           ; [] |65| 
         00001e 0006 
         000020 0000!
     201                    .dwpsn  file "../sensorApp.c",line 66,column 2,is_stmt,isa 0
     202 000022 40F2          MOV.B     #6,&P1SEL2+0          ; [] |66| 
         000024 0006 
         000026 0000!
     203                    .dwpsn  file "../sensorApp.c",line 67,column 2,is_stmt,isa 0
     204 000028 D0F2          OR.B      #128,&UCA0CTL1+0      ; [] |67| 
         00002a 0080 
         00002c 0000!
MSP430 Assembler Unix v21.6.1 Mon Jul 29 12:35:17 2024

Copyright (c) 2003-2018 Texas Instruments Incorporated
sensorApp.asm                                                        PAGE    5

     205                    .dwpsn  file "../sensorApp.c",line 68,column 2,is_stmt,isa 0
     206 00002e 40F2          MOV.B     #104,&UCA0BR0+0       ; [] |68| 
         000030 0068 
         000032 0000!
     207                    .dwpsn  file "../sensorApp.c",line 69,column 2,is_stmt,isa 0
     208 000034 43C2          MOV.B     #0,&UCA0BR1+0         ; [] |69| 
         000036 0000!
     209                    .dwpsn  file "../sensorApp.c",line 70,column 2,is_stmt,isa 0
     210 000038 43E2          MOV.B     #2,&UCA0MCTL+0        ; [] |70| 
         00003a 0000!
     211                    .dwpsn  file "../sensorApp.c",line 71,column 2,is_stmt,isa 0
     212 00003c C3D2          BIC.B     #1,&UCA0CTL1+0        ; [] |71| 
         00003e 0000!
     213                    .dwpsn  file "../sensorApp.c",line 74,column 2,is_stmt,isa 0
     214 000040 D032          BIS.W     #24,SR                ; [] |74| 
         000042 0018 
     215                    .dwpsn  file "../sensorApp.c",line 75,column 1,is_stmt,isa 0
     216            $C$DW$17        .dwtag  DW_TAG_TI_branch
     217                    .dwattr $C$DW$17, DW_AT_low_pc(0x00)
     218                    .dwattr $C$DW$17, DW_AT_TI_return
     219            
     220 000044 4130          RET       ; [] 
     221                    ; [] 
     222                    .dwattr $C$DW$16, DW_AT_TI_end_file("../sensorApp.c")
     223                    .dwattr $C$DW$16, DW_AT_TI_end_line(0x4b)
     224                    .dwattr $C$DW$16, DW_AT_TI_end_column(0x01)
     225                    .dwendentry
     226                    .dwendtag $C$DW$16
     227            
     228 000000               .sect   ".text:Timer_A"
     229                    .clink
     230                    .global Timer_A
     231            
     232            $C$DW$18        .dwtag  DW_TAG_subprogram
     233                    .dwattr $C$DW$18, DW_AT_name("Timer_A")
     234                    .dwattr $C$DW$18, DW_AT_low_pc(Timer_A)
     235                    .dwattr $C$DW$18, DW_AT_high_pc(0x00)
     236                    .dwattr $C$DW$18, DW_AT_TI_symbol_name("Timer_A")
     237                    .dwattr $C$DW$18, DW_AT_external
     238                    .dwattr $C$DW$18, DW_AT_TI_begin_file("../sensorApp.c")
     239                    .dwattr $C$DW$18, DW_AT_TI_begin_line(0x51)
     240                    .dwattr $C$DW$18, DW_AT_TI_begin_column(0x12)
     241                    .dwattr $C$DW$18, DW_AT_decl_file("../sensorApp.c")
     242                    .dwattr $C$DW$18, DW_AT_decl_line(0x51)
     243                    .dwattr $C$DW$18, DW_AT_decl_column(0x12)
     244                    .dwattr $C$DW$18, DW_AT_TI_interrupt
     245                    .dwattr $C$DW$18, DW_AT_TI_max_frame_size(0x02)
     246                    .dwpsn  file "../sensorApp.c",line 82,column 1,is_stmt,address Timer_A,isa 0
     247            
     248                    .dwfde $C$DW$CIE, Timer_A
     249            
     250            ;*****************************************************************************
     251            ;* FUNCTION NAME: Timer_A                                                    *
     252            ;*                                                                           *
     253            ;*   Regs Modified     : SP,SR                                               *
MSP430 Assembler Unix v21.6.1 Mon Jul 29 12:35:17 2024

Copyright (c) 2003-2018 Texas Instruments Incorporated
sensorApp.asm                                                        PAGE    6

     254            ;*   Regs Used         : SP,SR                                               *
     255            ;*   Local Frame Size  : 0 Args + 0 Auto + 0 Save = 0 byte                   *
     256            ;*****************************************************************************
     257 000000       Timer_A:
     258            ;* --------------------------------------------------------------------------*
     259                    .dwcfi  cfa_offset, 2
     260                    .dwcfi  save_reg_to_mem, 16, -2
     261                    .dwpsn  file "../sensorApp.c",line 83,column 5,is_stmt,isa 0
     262 000000 E3D2          XOR.B     #1,&P1OUT+0           ; [] |83| 
         000002 0000!
     263                    .dwpsn  file "../sensorApp.c",line 84,column 5,is_stmt,isa 0
     264 000004 80B2          SUB.W     #15536,&TA0CCR0+0     ; [] |84| 
         000006 3CB0 
         000008 0000!
     265                    .dwpsn  file "../sensorApp.c",line 86,column 5,is_stmt,isa 0
     266 00000a 40F2          MOV.B     #48,&UCA0TXBUF+0      ; [] |86| 
         00000c 0030 
         00000e 0000!
     267                    .dwpsn  file "../sensorApp.c",line 87,column 1,is_stmt,isa 0
     268            $C$DW$19        .dwtag  DW_TAG_TI_branch
     269                    .dwattr $C$DW$19, DW_AT_low_pc(0x00)
     270                    .dwattr $C$DW$19, DW_AT_TI_return
     271            
     272 000010 1300          RETI      ; [] 
     273                    ; [] 
     274                    .dwattr $C$DW$18, DW_AT_TI_end_file("../sensorApp.c")
     275                    .dwattr $C$DW$18, DW_AT_TI_end_line(0x57)
     276                    .dwattr $C$DW$18, DW_AT_TI_end_column(0x01)
     277                    .dwendentry
     278                    .dwendtag $C$DW$18
     279            
     280            ;*****************************************************************************
     281            ;* UNDEFINED EXTERNAL REFERENCES                                             *
     282            ;*****************************************************************************
     283                    .global P1OUT
     284                    .global P1DIR
     285                    .global P1SEL
     286                    .global P1SEL2
     287                    .global TA0CTL
     288                    .global TA0CCTL0
     289                    .global TA0CCR0
     290                    .global UCA0CTL1
     291                    .global UCA0BR0
     292                    .global UCA0BR1
     293                    .global UCA0MCTL
     294                    .global UCA0TXBUF
     295                    .global WDTCTL
     296            
     297            ;******************************************************************************
     298            ;* BUILD ATTRIBUTES                                                           *
     299            ;******************************************************************************
     300                    .battr "TI", Tag_File, 1, Tag_LPM_INFO(2)
     301                    .battr "TI", Tag_File, 1, Tag_PORTS_INIT_INFO("012345678901ABCDEFGHIJ0111000000000000000000010
     302                    .battr "TI", Tag_File, 1, Tag_LEA_INFO(1)
     303                    .battr "TI", Tag_File, 1, Tag_HW_MPY32_INFO(1)
MSP430 Assembler Unix v21.6.1 Mon Jul 29 12:35:17 2024

Copyright (c) 2003-2018 Texas Instruments Incorporated
sensorApp.asm                                                        PAGE    7

     304                    .battr "TI", Tag_File, 1, Tag_HW_MPY_ISR_INFO(1)
     305                    .battr "TI", Tag_File, 1, Tag_HW_MPY_INLINE_INFO(1)
     306                    .battr "mspabi", Tag_File, 1, Tag_enum_size(3)
     307            
     308            ;******************************************************************************
     309            ;* TYPE INFORMATION                                                           *
     310            ;******************************************************************************
     311            $C$DW$T$2       .dwtag  DW_TAG_unspecified_type
     312                    .dwattr $C$DW$T$2, DW_AT_name("void")
     313            
     314            $C$DW$T$4       .dwtag  DW_TAG_base_type
     315                    .dwattr $C$DW$T$4, DW_AT_encoding(DW_ATE_boolean)
     316                    .dwattr $C$DW$T$4, DW_AT_name("bool")
     317                    .dwattr $C$DW$T$4, DW_AT_byte_size(0x01)
     318            
     319            $C$DW$T$5       .dwtag  DW_TAG_base_type
     320                    .dwattr $C$DW$T$5, DW_AT_encoding(DW_ATE_signed_char)
     321                    .dwattr $C$DW$T$5, DW_AT_name("signed char")
     322                    .dwattr $C$DW$T$5, DW_AT_byte_size(0x01)
     323            
     324            $C$DW$T$6       .dwtag  DW_TAG_base_type
     325                    .dwattr $C$DW$T$6, DW_AT_encoding(DW_ATE_unsigned_char)
     326                    .dwattr $C$DW$T$6, DW_AT_name("unsigned char")
     327                    .dwattr $C$DW$T$6, DW_AT_byte_size(0x01)
     328            
     329            $C$DW$T$20      .dwtag  DW_TAG_volatile_type
     330                    .dwattr $C$DW$T$20, DW_AT_type(*$C$DW$T$6)
     331            
     332            $C$DW$T$7       .dwtag  DW_TAG_base_type
     333                    .dwattr $C$DW$T$7, DW_AT_encoding(DW_ATE_signed_char)
     334                    .dwattr $C$DW$T$7, DW_AT_name("wchar_t")
     335                    .dwattr $C$DW$T$7, DW_AT_byte_size(0x02)
     336            
     337            $C$DW$T$8       .dwtag  DW_TAG_base_type
     338                    .dwattr $C$DW$T$8, DW_AT_encoding(DW_ATE_signed)
     339                    .dwattr $C$DW$T$8, DW_AT_name("short")
     340                    .dwattr $C$DW$T$8, DW_AT_byte_size(0x02)
     341            
     342            $C$DW$T$9       .dwtag  DW_TAG_base_type
     343                    .dwattr $C$DW$T$9, DW_AT_encoding(DW_ATE_unsigned)
     344                    .dwattr $C$DW$T$9, DW_AT_name("unsigned short")
     345                    .dwattr $C$DW$T$9, DW_AT_byte_size(0x02)
     346            
     347            $C$DW$T$10      .dwtag  DW_TAG_base_type
     348                    .dwattr $C$DW$T$10, DW_AT_encoding(DW_ATE_signed)
     349                    .dwattr $C$DW$T$10, DW_AT_name("int")
     350                    .dwattr $C$DW$T$10, DW_AT_byte_size(0x02)
     351            
     352            $C$DW$T$11      .dwtag  DW_TAG_base_type
     353                    .dwattr $C$DW$T$11, DW_AT_encoding(DW_ATE_unsigned)
     354                    .dwattr $C$DW$T$11, DW_AT_name("unsigned int")
     355                    .dwattr $C$DW$T$11, DW_AT_byte_size(0x02)
     356            
     357            $C$DW$T$21      .dwtag  DW_TAG_volatile_type
     358                    .dwattr $C$DW$T$21, DW_AT_type(*$C$DW$T$11)
MSP430 Assembler Unix v21.6.1 Mon Jul 29 12:35:17 2024

Copyright (c) 2003-2018 Texas Instruments Incorporated
sensorApp.asm                                                        PAGE    8

     359            
     360            $C$DW$T$12      .dwtag  DW_TAG_base_type
     361                    .dwattr $C$DW$T$12, DW_AT_encoding(DW_ATE_signed)
     362                    .dwattr $C$DW$T$12, DW_AT_name("long")
     363                    .dwattr $C$DW$T$12, DW_AT_byte_size(0x04)
     364            
     365            $C$DW$T$13      .dwtag  DW_TAG_base_type
     366                    .dwattr $C$DW$T$13, DW_AT_encoding(DW_ATE_unsigned)
     367                    .dwattr $C$DW$T$13, DW_AT_name("unsigned long")
     368                    .dwattr $C$DW$T$13, DW_AT_byte_size(0x04)
     369            
     370            $C$DW$T$14      .dwtag  DW_TAG_base_type
     371                    .dwattr $C$DW$T$14, DW_AT_encoding(DW_ATE_signed)
     372                    .dwattr $C$DW$T$14, DW_AT_name("long long")
     373                    .dwattr $C$DW$T$14, DW_AT_byte_size(0x08)
     374            
     375            $C$DW$T$15      .dwtag  DW_TAG_base_type
     376                    .dwattr $C$DW$T$15, DW_AT_encoding(DW_ATE_unsigned)
     377                    .dwattr $C$DW$T$15, DW_AT_name("unsigned long long")
     378                    .dwattr $C$DW$T$15, DW_AT_byte_size(0x08)
     379            
     380            $C$DW$T$16      .dwtag  DW_TAG_base_type
     381                    .dwattr $C$DW$T$16, DW_AT_encoding(DW_ATE_float)
     382                    .dwattr $C$DW$T$16, DW_AT_name("float")
     383                    .dwattr $C$DW$T$16, DW_AT_byte_size(0x04)
     384            
     385            $C$DW$T$17      .dwtag  DW_TAG_base_type
     386                    .dwattr $C$DW$T$17, DW_AT_encoding(DW_ATE_float)
     387                    .dwattr $C$DW$T$17, DW_AT_name("double")
     388                    .dwattr $C$DW$T$17, DW_AT_byte_size(0x08)
     389            
     390            $C$DW$T$18      .dwtag  DW_TAG_base_type
     391                    .dwattr $C$DW$T$18, DW_AT_encoding(DW_ATE_float)
     392                    .dwattr $C$DW$T$18, DW_AT_name("long double")
     393                    .dwattr $C$DW$T$18, DW_AT_byte_size(0x08)
     394            
     395                    .dwattr $C$DW$CU, DW_AT_language(DW_LANG_C)
     396            
     397            ;***************************************************************
     398            ;* DWARF CIE ENTRIES                                           *
     399            ;***************************************************************
     400            
     401            $C$DW$CIE       .dwcie 16
     402                    .dwcfi  cfa_register, 1
     403                    .dwcfi  cfa_offset, 0
     404                    .dwcfi  same_value, 0
     405                    .dwcfi  same_value, 1
     406                    .dwcfi  same_value, 3
     407                    .dwcfi  same_value, 4
     408                    .dwcfi  same_value, 5
     409                    .dwcfi  same_value, 6
     410                    .dwcfi  same_value, 7
     411                    .dwcfi  same_value, 8
     412                    .dwcfi  same_value, 9
     413                    .dwcfi  same_value, 10
MSP430 Assembler Unix v21.6.1 Mon Jul 29 12:35:17 2024

Copyright (c) 2003-2018 Texas Instruments Incorporated
sensorApp.asm                                                        PAGE    9

     414                    .dwendentry
     415            
     416            ;***************************************************************
     417            ;* DWARF REGISTER MAP                                          *
     418            ;***************************************************************
     419            
     420            $C$DW$20        .dwtag  DW_TAG_TI_assign_register
     421                    .dwattr $C$DW$20, DW_AT_name("PC")
     422                    .dwattr $C$DW$20, DW_AT_location[DW_OP_reg0]
     423            
     424            $C$DW$21        .dwtag  DW_TAG_TI_assign_register
     425                    .dwattr $C$DW$21, DW_AT_name("SP")
     426                    .dwattr $C$DW$21, DW_AT_location[DW_OP_reg1]
     427            
     428            $C$DW$22        .dwtag  DW_TAG_TI_assign_register
     429                    .dwattr $C$DW$22, DW_AT_name("SR")
     430                    .dwattr $C$DW$22, DW_AT_location[DW_OP_reg2]
     431            
     432            $C$DW$23        .dwtag  DW_TAG_TI_assign_register
     433                    .dwattr $C$DW$23, DW_AT_name("CG")
     434                    .dwattr $C$DW$23, DW_AT_location[DW_OP_reg3]
     435            
     436            $C$DW$24        .dwtag  DW_TAG_TI_assign_register
     437                    .dwattr $C$DW$24, DW_AT_name("r4")
     438                    .dwattr $C$DW$24, DW_AT_location[DW_OP_reg4]
     439            
     440            $C$DW$25        .dwtag  DW_TAG_TI_assign_register
     441                    .dwattr $C$DW$25, DW_AT_name("r5")
     442                    .dwattr $C$DW$25, DW_AT_location[DW_OP_reg5]
     443            
     444            $C$DW$26        .dwtag  DW_TAG_TI_assign_register
     445                    .dwattr $C$DW$26, DW_AT_name("r6")
     446                    .dwattr $C$DW$26, DW_AT_location[DW_OP_reg6]
     447            
     448            $C$DW$27        .dwtag  DW_TAG_TI_assign_register
     449                    .dwattr $C$DW$27, DW_AT_name("r7")
     450                    .dwattr $C$DW$27, DW_AT_location[DW_OP_reg7]
     451            
     452            $C$DW$28        .dwtag  DW_TAG_TI_assign_register
     453                    .dwattr $C$DW$28, DW_AT_name("r8")
     454                    .dwattr $C$DW$28, DW_AT_location[DW_OP_reg8]
     455            
     456            $C$DW$29        .dwtag  DW_TAG_TI_assign_register
     457                    .dwattr $C$DW$29, DW_AT_name("r9")
     458                    .dwattr $C$DW$29, DW_AT_location[DW_OP_reg9]
     459            
     460            $C$DW$30        .dwtag  DW_TAG_TI_assign_register
     461                    .dwattr $C$DW$30, DW_AT_name("r10")
     462                    .dwattr $C$DW$30, DW_AT_location[DW_OP_reg10]
     463            
     464            $C$DW$31        .dwtag  DW_TAG_TI_assign_register
     465                    .dwattr $C$DW$31, DW_AT_name("r11")
     466                    .dwattr $C$DW$31, DW_AT_location[DW_OP_reg11]
     467            
     468            $C$DW$32        .dwtag  DW_TAG_TI_assign_register
MSP430 Assembler Unix v21.6.1 Mon Jul 29 12:35:17 2024

Copyright (c) 2003-2018 Texas Instruments Incorporated
sensorApp.asm                                                        PAGE   10

     469                    .dwattr $C$DW$32, DW_AT_name("r12")
     470                    .dwattr $C$DW$32, DW_AT_location[DW_OP_reg12]
     471            
     472            $C$DW$33        .dwtag  DW_TAG_TI_assign_register
     473                    .dwattr $C$DW$33, DW_AT_name("r13")
     474                    .dwattr $C$DW$33, DW_AT_location[DW_OP_reg13]
     475            
     476            $C$DW$34        .dwtag  DW_TAG_TI_assign_register
     477                    .dwattr $C$DW$34, DW_AT_name("r14")
     478                    .dwattr $C$DW$34, DW_AT_location[DW_OP_reg14]
     479            
     480            $C$DW$35        .dwtag  DW_TAG_TI_assign_register
     481                    .dwattr $C$DW$35, DW_AT_name("r15")
     482                    .dwattr $C$DW$35, DW_AT_location[DW_OP_reg15]
     483            
     484            $C$DW$36        .dwtag  DW_TAG_TI_assign_register
     485                    .dwattr $C$DW$36, DW_AT_name("CIE_RETA")
     486                    .dwattr $C$DW$36, DW_AT_location[DW_OP_reg16]
     487            
     488                    .dwendtag $C$DW$CU
     489            

No Assembly Errors, No Assembly Warnings
